<?xml version="1.0" encoding="utf-8"?><testsuites name="pytest tests"><testsuite name="pytest" errors="0" failures="0" skipped="1" tests="10" time="10.512" timestamp="2026-06-02T21:20:43.843230+00:00" hostname="agent-env-8a3f867b-857f-429a-9781-a8d24d017418"><testcase classname="backend.tests.test_netvision_iter2.TestDeviceMetrics" name="test_metrics_shape_default" time="0.424" /><testcase classname="backend.tests.test_netvision_iter2.TestDeviceMetrics" name="test_metrics_custom_hours_clamped" time="0.152" /><testcase classname="backend.tests.test_netvision_iter2.TestDeviceMetrics" name="test_metrics_points_sorted_and_typed" time="0.100"><skipped type="pytest.skip" message="no metric samples yet; sim sample is every 60s">/app/backend/tests/test_netvision_iter2.py:64: no metric samples yet; sim sample is every 60s</skipped></testcase><testcase classname="backend.tests.test_netvision_iter2.TestDeviceMetrics" name="test_metrics_unknown_device_returns_empty" time="0.054" /><testcase classname="backend.tests.test_netvision_iter2.TestBulkAcknowledge" name="test_bulk_ack_selective" time="0.194" /><testcase classname="backend.tests.test_netvision_iter2.TestBulkAcknowledge" name="test_bulk_ack_all_with_empty_body" time="0.214" /><testcase classname="backend.tests.test_netvision_iter2.TestBulkAcknowledge" name="test_bulk_ack_all_with_null_ids" time="0.158" /><testcase classname="backend.tests.test_netvision_iter2.TestBulkAcknowledge" name="test_bulk_ack_empty_ids_list_acks_all" time="0.153" /><testcase classname="backend.tests.test_netvision_iter2" name="test_ws_initial_snapshot_and_tick" time="3.995" /><testcase classname="backend.tests.test_netvision_iter2" name="test_ws_pushes_metric_changes_over_time" time="5.002" /></testsuite></testsuites>