<?xml version="1.0" encoding="utf-8"?><testsuites name="pytest tests"><testsuite name="pytest" errors="0" failures="0" skipped="0" tests="6" time="9.156" timestamp="2026-06-02T21:34:44.683168+00:00" hostname="agent-env-8a3f867b-857f-429a-9781-a8d24d017418"><testcase classname="backend.tests.test_netvision_iter3.TestMetricsEndpoint" name="test_metrics_unknown_device_returns_404" time="0.327" /><testcase classname="backend.tests.test_netvision_iter3.TestMetricsEndpoint" name="test_metrics_existing_device_returns_200" time="0.109" /><testcase classname="backend.tests.test_netvision_iter3.TestZones" name="test_zones_after_generate" time="0.097" /><testcase classname="backend.tests.test_netvision_iter3.TestTopology" name="test_topology_has_zone_compound_nodes" time="0.059" /><testcase classname="backend.tests.test_netvision_iter3.TestDeviceZone" name="test_create_device_with_zone_persists" time="0.322" /><testcase classname="backend.tests.test_netvision_iter3.TestAlertDebounce" name="test_no_duplicate_alerts_in_60s_window" time="8.186" /></testsuite></testsuites>