<?xml version="1.0" encoding="utf-8"?><testsuites name="pytest tests"><testsuite name="pytest" errors="0" failures="0" skipped="0" tests="15" time="9.339" timestamp="2026-06-02T21:03:53.959937+00:00" hostname="agent-env-8a3f867b-857f-429a-9781-a8d24d017418"><testcase classname="backend.tests.test_netvision.TestHealth" name="test_root" time="0.324" /><testcase classname="backend.tests.test_netvision.TestDashboard" name="test_summary_shape" time="0.065" /><testcase classname="backend.tests.test_netvision.TestTopology" name="test_topology_structure" time="0.066" /><testcase classname="backend.tests.test_netvision.TestDevicesCRUD" name="test_list_devices" time="0.055" /><testcase classname="backend.tests.test_netvision.TestDevicesCRUD" name="test_create_update_delete_persistence" time="0.462" /><testcase classname="backend.tests.test_netvision.TestDevicesCRUD" name="test_update_nonexistent" time="0.063" /><testcase classname="backend.tests.test_netvision.TestDevicesCRUD" name="test_empty_update_rejected" time="0.163" /><testcase classname="backend.tests.test_netvision.TestDevicesCRUD" name="test_delete_nonexistent" time="0.051" /><testcase classname="backend.tests.test_netvision.TestAlerts" name="test_list_alerts" time="0.061" /><testcase classname="backend.tests.test_netvision.TestAlerts" name="test_acknowledge_alert" time="0.179" /><testcase classname="backend.tests.test_netvision.TestAlerts" name="test_delete_alert" time="0.176" /><testcase classname="backend.tests.test_netvision.TestAlerts" name="test_acknowledge_nonexistent" time="0.058" /><testcase classname="backend.tests.test_netvision.TestMock" name="test_generate_returns_20" time="0.064" /><testcase classname="backend.tests.test_netvision.TestMock" name="test_reset_clears" time="0.221" /><testcase classname="backend.tests.test_netvision.TestSimulation" name="test_metrics_change_over_time" time="7.185" /></testsuite></testsuites>